Microsoft HTML Help Compiler 4.74.8702

Compiling \\Mac\Home\Documents\Embarcadero\Studio\Projects\database\help\TmpHtml\help.chm

\\Mac\Home\Documents\Embarcadero\Studio\Projects\database\help\TmpHtml\about.html
\\Mac\Home\Documents\Embarcadero\Studio\Projects\database\help\TmpHtml\support.html
\\Mac\Home\Documents\Embarcadero\Studio\Projects\database\help\TmpHtml\gettingstarted.html
\\Mac\Home\Documents\Embarcadero\Studio\Projects\database\help\TmpHtml\mainmenu.html
\\Mac\Home\Documents\Embarcadero\Studio\Projects\database\help\TmpHtml\toolbar.html
\\Mac\Home\Documents\Embarcadero\Studio\Projects\database\help\TmpHtml\tutorial.html
\\Mac\Home\Documents\Embarcadero\Studio\Projects\database\help\TmpHtml\task1.html
\\Mac\Home\Documents\Embarcadero\Studio\Projects\database\help\TmpHtml\task2.html
\\Mac\Home\Documents\Embarcadero\Studio\Projects\database\help\TmpHtml\help.png
\\Mac\Home\Documents\Embarcadero\Studio\Projects\database\help\TmpHtml\nexttopic.png
\\Mac\Home\Documents\Embarcadero\Studio\Projects\database\help\TmpHtml\prevtopic.png
\\Mac\Home\Documents\Embarcadero\Studio\Projects\database\help\TmpHtml\help.hhc
\\Mac\Home\Documents\Embarcadero\Studio\Projects\database\help\TmpHtml\help.hhk
\\Mac\Home\Documents\Embarcadero\Studio\Projects\database\help\TmpHtml\task1.jpeg
\\Mac\Home\Documents\Embarcadero\Studio\Projects\database\help\TmpHtml\default.css
\\Mac\Home\Documents\Embarcadero\Studio\Projects\database\help\TmpHtml\globalstyles.css
HHC3015: Warning: An alias has been created to "oo.html" but the file does not exist

Compile time: 0 minutes, 0 seconds
18	Topics
40	Local links
0	Internet links
1	Graphic


Created \\Mac\Home\Documents\Embarcadero\Studio\Projects\database\help\TmpHtml\help.chm, 63,333 bytes
Compression decreased file by 23,155 bytes.
